<?xml version="1.0" encoding="UTF-8"?>
<testng-results ignored="0" total="2" passed="2" failed="0" skipped="0">
  <reporter-output>
  </reporter-output>
  <suite started-at="2021-03-23T15:37:25 IST" name="Default suite" finished-at="2021-03-23T15:40:14 IST" duration-ms="168841">
    <groups>
    </groups>
    <test started-at="2021-03-23T15:37:25 IST" name="Default test" finished-at="2021-03-23T15:40:14 IST" duration-ms="168841">
      <class name="com.autotest.test.testcases.HomePageTest">
        <test-method is-config="true" signature="setUp()[pri:0, instance:com.autotest.test.testcases.HomePageTest@16293aa2]" started-at="2021-03-23T15:37:25 IST" name="setUp" finished-at="2021-03-23T15:37:38 IST" duration-ms="12148" status="PASS">
          <reporter-output>
          </reporter-output>
        </test-method> <!-- setUp -->
        <test-method signature="HomePageTitleTest()[pri:1, instance:com.autotest.test.testcases.HomePageTest@16293aa2]" started-at="2021-03-23T15:37:38 IST" name="HomePageTitleTest" finished-at="2021-03-23T15:37:38 IST" duration-ms="18" status="PASS">
          <reporter-output>
          </reporter-output>
        </test-method> <!-- HomePageTitleTest -->
        <test-method is-config="true" signature="shutDown()[pri:0, instance:com.autotest.test.testcases.HomePageTest@16293aa2]" started-at="2021-03-23T15:37:38 IST" name="shutDown" finished-at="2021-03-23T15:37:38 IST" duration-ms="815" status="PASS">
          <reporter-output>
          </reporter-output>
        </test-method> <!-- shutDown -->
        <test-method is-config="true" signature="setUp()[pri:0, instance:com.autotest.test.testcases.HomePageTest@16293aa2]" started-at="2021-03-23T15:37:38 IST" name="setUp" finished-at="2021-03-23T15:37:49 IST" duration-ms="10361" status="PASS">
          <reporter-output>
          </reporter-output>
        </test-method> <!-- setUp -->
        <test-method signature="shopping()[pri:2, instance:com.autotest.test.testcases.HomePageTest@16293aa2]" started-at="2021-03-23T15:37:49 IST" name="shopping" finished-at="2021-03-23T15:40:13 IST" duration-ms="144448" status="PASS">
          <reporter-output>
          </reporter-output>
        </test-method> <!-- shopping -->
        <test-method is-config="true" signature="shutDown()[pri:0, instance:com.autotest.test.testcases.HomePageTest@16293aa2]" started-at="2021-03-23T15:40:13 IST" name="shutDown" finished-at="2021-03-23T15:40:14 IST" duration-ms="991" status="PASS">
          <reporter-output>
          </reporter-output>
        </test-method> <!-- shutDown -->
      </class> <!-- com.autotest.test.testcases.HomePageTest -->
    </test> <!-- Default test -->
  </suite> <!-- Default suite -->
</testng-results>
